<?xml version="1.0" encoding="UTF-8"?>
<testng-results ignored="0" total="1" passed="1" failed="0" skipped="0">
  <reporter-output>
  </reporter-output>
  <suite started-at="2022-03-12T10:39:22 IST" name="Default suite" finished-at="2022-03-12T10:39:40 IST" duration-ms="18345">
    <groups>
    </groups>
    <test started-at="2022-03-12T10:39:22 IST" name="Default test" finished-at="2022-03-12T10:39:40 IST" duration-ms="18345">
      <class name="com.TestNG.Automation">
        <test-method is-config="true" signature="startbrowser()[pri:0, instance:com.TestNG.Automation@2cd2a21f]" started-at="2022-03-12T10:39:22 IST" name="startbrowser" finished-at="2022-03-12T10:39:26 IST" duration-ms="3590" status="PASS">
          <reporter-output>
          </reporter-output>
        </test-method> <!-- startbrowser -->
        <test-method signature="TestWikiHomepage()[pri:49, instance:com.TestNG.Automation@2cd2a21f]" started-at="2022-03-12T10:39:26 IST" name="TestWikiHomepage" finished-at="2022-03-12T10:39:40 IST" duration-ms="14570" status="PASS">
          <reporter-output>
          </reporter-output>
        </test-method> <!-- TestWikiHomepage -->
        <test-method is-config="true" signature="closeBrowser()[pri:0, instance:com.TestNG.Automation@2cd2a21f]" started-at="2022-03-12T10:39:40 IST" name="closeBrowser" finished-at="2022-03-12T10:39:40 IST" duration-ms="132" status="PASS">
          <reporter-output>
          </reporter-output>
        </test-method> <!-- closeBrowser -->
      </class> <!-- com.TestNG.Automation -->
    </test> <!-- Default test -->
  </suite> <!-- Default suite -->
</testng-results>
